2024-09-16 17:23:08,591 - INFO - Logging setup complete. This is a test log.
2024-09-16 17:23:08,591 - INFO - Бот запускается...
2024-09-16 17:23:08,591 - INFO - Logging setup complete. This is a test log.
2024-09-16 17:23:08,591 - DEBUG - Test debug message
2024-09-16 17:23:08,591 - DEBUG - Using selector: EpollSelector
2024-09-16 17:23:08,635 - INFO - Бот запускается...
2024-09-16 17:23:08,635 - INFO - Start polling
2024-09-16 17:23:08,740 - INFO - Run polling for bot @Notes111bot id=7440046580 - 'Telegram_Notes'
2024-09-16 17:23:41,775 - INFO - Создание сессии базы данных
2024-09-16 17:23:41,782 - INFO - select pg_catalog.version()
2024-09-16 17:23:41,782 - INFO - [raw sql] ()
2024-09-16 17:23:41,785 - INFO - select current_schema()
2024-09-16 17:23:41,785 - INFO - [raw sql] ()
2024-09-16 17:23:41,786 - INFO - show standard_conforming_strings
2024-09-16 17:23:41,786 - INFO - [raw sql] ()
2024-09-16 17:23:41,787 - INFO - BEGIN (implicit)
2024-09-16 17:23:41,792 - INFO - SELECT users.id, users.username, users.hashed_password 
FROM users 
WHERE users.username = $1::VARCHAR
2024-09-16 17:23:41,792 - INFO - [generated in 0.00018s] ('Maxim_Tih0n0v',)
2024-09-16 17:23:41,796 - INFO - SELECT notes.id, notes.title, notes.content, notes.created_at, notes.updated_at, notes.user_id 
FROM notes 
WHERE notes.user_id = $1::INTEGER
2024-09-16 17:23:41,796 - INFO - [generated in 0.00020s] (1,)
2024-09-16 17:23:41,972 - INFO - Закрытие сессии базы данных
2024-09-16 17:23:41,972 - INFO - ROLLBACK
2024-09-16 17:23:41,973 - INFO - Update id=588263562 is handled. Duration 198 ms by bot id=7440046580
2024-09-16 17:24:27,719 - INFO - Создание сессии базы данных
2024-09-16 17:24:27,720 - INFO - BEGIN (implicit)
2024-09-16 17:24:27,720 - INFO - SELECT users.id, users.username, users.hashed_password 
FROM users 
WHERE users.username = $1::VARCHAR
2024-09-16 17:24:27,720 - INFO - [cached since 45.93s ago] ('Maxim_Tih0n0v',)
2024-09-16 17:24:27,850 - INFO - Закрытие сессии базы данных
2024-09-16 17:24:27,850 - INFO - ROLLBACK
2024-09-16 17:24:27,851 - INFO - Update id=588263563 is handled. Duration 133 ms by bot id=7440046580
2024-09-16 17:24:30,885 - INFO - Создание сессии базы данных
2024-09-16 17:24:30,886 - INFO - BEGIN (implicit)
2024-09-16 17:24:30,886 - INFO - SELECT users.id, users.username, users.hashed_password 
FROM users 
WHERE users.username = $1::VARCHAR
2024-09-16 17:24:30,886 - INFO - [cached since 49.09s ago] ('Maxim_Tih0n0v',)
2024-09-16 17:24:30,888 - INFO - SELECT notes.id, notes.title, notes.content, notes.created_at, notes.updated_at, notes.user_id 
FROM notes 
WHERE notes.id = $1::INTEGER
2024-09-16 17:24:30,888 - INFO - [generated in 0.00024s] (12,)
2024-09-16 17:24:30,901 - INFO - SELECT tags.id AS tags_id, tags.name AS tags_name 
FROM tags, note_tags 
WHERE $1::INTEGER = note_tags.note_id AND tags.id = note_tags.tag_id
2024-09-16 17:24:30,901 - INFO - [generated in 0.00025s] (12,)
2024-09-16 17:24:30,960 - INFO - DELETE FROM note_tags WHERE note_tags.note_id = $1::INTEGER AND note_tags.tag_id = $2::INTEGER
2024-09-16 17:24:30,960 - INFO - [generated in 0.00027s] [(12, 6), (12, 11)]
2024-09-16 17:24:30,962 - INFO - DELETE FROM notes WHERE notes.id = $1::INTEGER
2024-09-16 17:24:30,962 - INFO - [generated in 0.00022s] (12,)
2024-09-16 17:24:30,976 - INFO - COMMIT
2024-09-16 17:24:31,103 - INFO - Закрытие сессии базы данных
2024-09-16 17:24:31,104 - INFO - Update id=588263564 is handled. Duration 218 ms by bot id=7440046580
2024-09-16 17:24:54,175 - WARNING - Received SIGTERM signal
2024-09-16 17:24:54,175 - INFO - Polling stopped for bot @Notes111bot id=7440046580 - 'Telegram_Notes'
2024-09-16 17:24:54,175 - INFO - Polling stopped
2024-09-16 17:25:35,704 - INFO - Logging setup complete. This is a test log.
2024-09-16 17:25:35,704 - INFO - Бот запускается...
2024-09-16 17:25:35,704 - INFO - Logging setup complete. This is a test log.
2024-09-16 17:25:35,748 - INFO - Бот запускается...
2024-09-16 17:25:35,748 - INFO - Start polling
2024-09-16 17:25:35,856 - INFO - Run polling for bot @Notes111bot id=7440046580 - 'Telegram_Notes'
2024-09-16 17:25:40,699 - INFO - Создание сессии базы данных
2024-09-16 17:25:40,719 - INFO - select pg_catalog.version()
2024-09-16 17:25:40,719 - INFO - [raw sql] ()
2024-09-16 17:25:40,722 - INFO - select current_schema()
2024-09-16 17:25:40,722 - INFO - [raw sql] ()
2024-09-16 17:25:40,723 - INFO - show standard_conforming_strings
2024-09-16 17:25:40,724 - INFO - [raw sql] ()
2024-09-16 17:25:40,725 - INFO - BEGIN (implicit)
2024-09-16 17:25:40,734 - INFO - SELECT users.id, users.username, users.hashed_password 
FROM users 
WHERE users.username = $1::VARCHAR
2024-09-16 17:25:40,735 - INFO - [generated in 0.00024s] ('Maxim_Tih0n0v',)
2024-09-16 17:25:40,814 - INFO - SELECT notes.id, notes.title, notes.content, notes.created_at, notes.updated_at, notes.user_id 
FROM notes 
WHERE notes.user_id = $1::INTEGER
2024-09-16 17:25:40,814 - INFO - [generated in 0.00026s] (1,)
2024-09-16 17:25:40,987 - INFO - Закрытие сессии базы данных
2024-09-16 17:25:40,988 - INFO - ROLLBACK
2024-09-16 17:25:40,989 - INFO - Update id=588263565 is handled. Duration 289 ms by bot id=7440046580
2024-09-16 17:25:50,421 - INFO - Создание сессии базы данных
2024-09-16 17:25:50,422 - INFO - BEGIN (implicit)
2024-09-16 17:25:50,422 - INFO - SELECT users.id, users.username, users.hashed_password 
FROM users 
WHERE users.username = $1::VARCHAR
2024-09-16 17:25:50,422 - INFO - [cached since 9.688s ago] ('Maxim_Tih0n0v',)
2024-09-16 17:25:50,484 - INFO - Закрытие сессии базы данных
2024-09-16 17:25:50,484 - INFO - ROLLBACK
2024-09-16 17:25:50,485 - INFO - Update id=588263566 is handled. Duration 64 ms by bot id=7440046580
2024-09-16 17:25:54,090 - INFO - Создание сессии базы данных
2024-09-16 17:25:54,092 - INFO - BEGIN (implicit)
2024-09-16 17:25:54,092 - INFO - SELECT users.id, users.username, users.hashed_password 
FROM users 
WHERE users.username = $1::VARCHAR
2024-09-16 17:25:54,093 - INFO - [cached since 13.36s ago] ('Maxim_Tih0n0v',)
2024-09-16 17:25:54,095 - INFO - SELECT notes.id, notes.title, notes.content, notes.created_at, notes.updated_at, notes.user_id 
FROM notes 
WHERE notes.id = $1::INTEGER
2024-09-16 17:25:54,095 - INFO - [generated in 0.00038s] (11,)
2024-09-16 17:25:54,105 - INFO - SELECT tags.id AS tags_id, tags.name AS tags_name 
FROM tags, note_tags 
WHERE $1::INTEGER = note_tags.note_id AND tags.id = note_tags.tag_id
2024-09-16 17:25:54,105 - INFO - [generated in 0.00022s] (11,)
2024-09-16 17:25:54,137 - INFO - DELETE FROM note_tags WHERE note_tags.note_id = $1::INTEGER AND note_tags.tag_id = $2::INTEGER
2024-09-16 17:25:54,137 - INFO - [generated in 0.00022s] [(11, 9), (11, 10)]
2024-09-16 17:25:54,141 - INFO - DELETE FROM notes WHERE notes.id = $1::INTEGER
2024-09-16 17:25:54,141 - INFO - [generated in 0.00045s] (11,)
2024-09-16 17:25:54,153 - INFO - COMMIT
2024-09-16 17:25:54,310 - INFO - Закрытие сессии базы данных
2024-09-16 17:25:54,311 - INFO - Update id=588263567 is handled. Duration 221 ms by bot id=7440046580
2024-09-16 17:28:08,605 - WARNING - Received SIGTERM signal
2024-09-16 17:28:08,615 - INFO - Polling stopped for bot @Notes111bot id=7440046580 - 'Telegram_Notes'
2024-09-16 17:28:08,615 - INFO - Polling stopped
2024-09-16 17:40:59,296 - INFO - Logging setup complete. This is a test log.
2024-09-16 17:40:59,304 - INFO - Бот запускается...
2024-09-16 17:40:59,338 - INFO - Бот запускается...
2024-09-16 17:40:59,338 - INFO - Start polling
2024-09-16 17:40:59,447 - INFO - Run polling for bot @Notes111bot id=7440046580 - 'Telegram_Notes'
2024-09-16 17:45:14,548 - WARNING - Received SIGTERM signal
2024-09-16 17:45:14,549 - INFO - Polling stopped for bot @Notes111bot id=7440046580 - 'Telegram_Notes'
2024-09-16 17:45:14,549 - INFO - Polling stopped
2024-09-16 17:45:53,274 - INFO - Logging setup complete. This is a test log.
2024-09-16 17:45:53,274 - INFO - Бот запускается...
2024-09-16 17:45:53,351 - INFO - Бот запускается...
2024-09-16 17:45:53,351 - INFO - Start polling
2024-09-16 17:45:53,479 - INFO - Run polling for bot @Notes111bot id=7440046580 - 'Telegram_Notes'
2024-09-16 17:46:59,236 - WARNING - Received SIGTERM signal
2024-09-16 17:46:59,237 - INFO - Polling stopped for bot @Notes111bot id=7440046580 - 'Telegram_Notes'
2024-09-16 17:46:59,237 - INFO - Polling stopped
2024-09-16 17:47:47,968 - INFO - Logging setup complete. This is a test log.
2024-09-16 17:47:47,968 - INFO - Бот запускается...
2024-09-16 17:47:48,014 - INFO - Бот запускается...
2024-09-16 17:47:48,015 - INFO - Start polling
2024-09-16 17:47:48,147 - INFO - Run polling for bot @Notes111bot id=7440046580 - 'Telegram_Notes'
2024-09-16 17:47:53,360 - INFO - Создание сессии базы данных
2024-09-16 17:47:53,413 - INFO - select pg_catalog.version()
2024-09-16 17:47:53,413 - INFO - [raw sql] ()
2024-09-16 17:47:53,415 - INFO - select current_schema()
2024-09-16 17:47:53,415 - INFO - [raw sql] ()
2024-09-16 17:47:53,416 - INFO - show standard_conforming_strings
2024-09-16 17:47:53,416 - INFO - [raw sql] ()
2024-09-16 17:47:53,417 - INFO - BEGIN (implicit)
2024-09-16 17:47:53,423 - INFO - SELECT users.id, users.username, users.hashed_password 
FROM users 
WHERE users.username = $1::VARCHAR
2024-09-16 17:47:53,423 - INFO - [generated in 0.00029s] ('Maxim_Tih0n0v',)
2024-09-16 17:47:53,500 - INFO - SELECT notes.id, notes.title, notes.content, notes.created_at, notes.updated_at, notes.user_id 
FROM notes 
WHERE notes.user_id = $1::INTEGER
2024-09-16 17:47:53,500 - INFO - [generated in 0.00053s] (1,)
2024-09-16 17:47:53,796 - INFO - Закрытие сессии базы данных
2024-09-16 17:47:53,796 - INFO - ROLLBACK
2024-09-16 17:47:53,797 - INFO - Update id=588263568 is handled. Duration 437 ms by bot id=7440046580
2024-09-16 17:47:55,854 - INFO - Создание сессии базы данных
2024-09-16 17:47:55,855 - INFO - BEGIN (implicit)
2024-09-16 17:47:55,856 - INFO - SELECT users.id, users.username, users.hashed_password 
FROM users 
WHERE users.username = $1::VARCHAR
2024-09-16 17:47:55,856 - INFO - [cached since 2.432s ago] ('Maxim_Tih0n0v',)
2024-09-16 17:47:55,859 - INFO - SELECT notes.id, notes.title, notes.content, notes.created_at, notes.updated_at, notes.user_id 
FROM notes 
WHERE notes.user_id = $1::INTEGER
2024-09-16 17:47:55,859 - INFO - [cached since 2.36s ago] (1,)
2024-09-16 17:47:55,932 - INFO - Закрытие сессии базы данных
2024-09-16 17:47:55,933 - INFO - ROLLBACK
2024-09-16 17:47:55,934 - INFO - Update id=588263569 is handled. Duration 80 ms by bot id=7440046580
2024-09-16 17:47:58,473 - INFO - Создание сессии базы данных
2024-09-16 17:47:58,474 - INFO - BEGIN (implicit)
2024-09-16 17:47:58,475 - INFO - SELECT users.id, users.username, users.hashed_password 
FROM users 
WHERE users.username = $1::VARCHAR
2024-09-16 17:47:58,475 - INFO - [cached since 5.052s ago] ('Maxim_Tih0n0v',)
2024-09-16 17:47:58,625 - INFO - Закрытие сессии базы данных
2024-09-16 17:47:58,625 - INFO - ROLLBACK
2024-09-16 17:47:58,627 - INFO - Update id=588263570 is handled. Duration 155 ms by bot id=7440046580
2024-09-16 17:48:00,660 - INFO - Создание сессии базы данных
2024-09-16 17:48:00,661 - INFO - BEGIN (implicit)
2024-09-16 17:48:00,662 - INFO - SELECT users.id, users.username, users.hashed_password 
FROM users 
WHERE users.username = $1::VARCHAR
2024-09-16 17:48:00,662 - INFO - [cached since 7.239s ago] ('Maxim_Tih0n0v',)
2024-09-16 17:48:00,665 - INFO - SELECT notes.id, notes.title, notes.content, notes.created_at, notes.updated_at, notes.user_id 
FROM notes 
WHERE notes.id = $1::INTEGER
2024-09-16 17:48:00,665 - INFO - [generated in 0.00023s] (10,)
2024-09-16 17:48:00,675 - INFO - SELECT tags.id AS tags_id, tags.name AS tags_name 
FROM tags, note_tags 
WHERE $1::INTEGER = note_tags.note_id AND tags.id = note_tags.tag_id
2024-09-16 17:48:00,676 - INFO - [generated in 0.00023s] (10,)
2024-09-16 17:48:00,715 - INFO - DELETE FROM note_tags WHERE note_tags.note_id = $1::INTEGER AND note_tags.tag_id = $2::INTEGER
2024-09-16 17:48:00,715 - INFO - [generated in 0.00024s] (10, 8)
2024-09-16 17:48:00,717 - INFO - DELETE FROM notes WHERE notes.id = $1::INTEGER
2024-09-16 17:48:00,717 - INFO - [generated in 0.00016s] (10,)
2024-09-16 17:48:00,735 - INFO - COMMIT
2024-09-16 17:48:00,816 - INFO - Закрытие сессии базы данных
2024-09-16 17:48:00,817 - INFO - Update id=588263571 is handled. Duration 157 ms by bot id=7440046580
2024-09-16 17:48:10,189 - WARNING - Received SIGTERM signal
2024-09-16 17:48:10,190 - INFO - Polling stopped for bot @Notes111bot id=7440046580 - 'Telegram_Notes'
2024-09-16 17:48:10,190 - INFO - Polling stopped
2024-09-16 18:17:37,306 - INFO - Logging setup complete. This is a test log.
2024-09-16 18:17:37,314 - INFO - Бот запускается...
2024-09-16 18:17:37,419 - INFO - Бот запускается...
2024-09-16 18:17:37,419 - INFO - Start polling
2024-09-16 18:17:37,598 - INFO - Run polling for bot @Notes111bot id=7440046580 - 'Telegram_Notes'
2024-09-16 18:17:43,734 - INFO - Создание сессии базы данных
2024-09-16 18:17:43,759 - INFO - select pg_catalog.version()
2024-09-16 18:17:43,759 - INFO - [raw sql] ()
2024-09-16 18:17:43,761 - INFO - select current_schema()
2024-09-16 18:17:43,762 - INFO - [raw sql] ()
2024-09-16 18:17:43,763 - INFO - show standard_conforming_strings
2024-09-16 18:17:43,763 - INFO - [raw sql] ()
2024-09-16 18:17:43,764 - INFO - BEGIN (implicit)
2024-09-16 18:17:43,770 - INFO - SELECT users.id, users.username, users.hashed_password 
FROM users 
WHERE users.username = $1::VARCHAR
2024-09-16 18:17:43,770 - INFO - [generated in 0.00022s] ('Maxim_Tih0n0v',)
2024-09-16 18:17:43,843 - INFO - SELECT notes.id, notes.title, notes.content, notes.created_at, notes.updated_at, notes.user_id 
FROM notes 
WHERE notes.user_id = $1::INTEGER
2024-09-16 18:17:43,843 - INFO - [generated in 0.00042s] (1,)
2024-09-16 18:17:44,068 - INFO - Закрытие сессии базы данных
2024-09-16 18:17:44,068 - INFO - ROLLBACK
2024-09-16 18:17:44,069 - INFO - Update id=588263572 is handled. Duration 335 ms by bot id=7440046580
2024-09-16 18:17:49,906 - INFO - Update id=588263573 is handled. Duration 66 ms by bot id=7440046580
2024-09-16 18:18:36,221 - INFO - Создание сессии базы данных
2024-09-16 18:18:36,436 - INFO - Закрытие сессии базы данных
2024-09-16 18:18:36,436 - INFO - Update id=588263574 is handled. Duration 227 ms by bot id=7440046580
2024-09-16 18:18:40,537 - INFO - Update id=588263575 is handled. Duration 172 ms by bot id=7440046580
2024-09-16 18:18:48,160 - INFO - Создание сессии базы данных
2024-09-16 18:18:48,254 - INFO - Закрытие сессии базы данных
2024-09-16 18:18:48,255 - INFO - Update id=588263576 is handled. Duration 95 ms by bot id=7440046580
2024-09-16 18:18:50,127 - INFO - Создание сессии базы данных
2024-09-16 18:18:50,128 - INFO - BEGIN (implicit)
2024-09-16 18:18:50,129 - INFO - SELECT users.id, users.username, users.hashed_password 
FROM users 
WHERE users.username = $1::VARCHAR
2024-09-16 18:18:50,129 - INFO - [cached since 66.36s ago] ('Maxim_Tih0n0v',)
2024-09-16 18:18:50,199 - INFO - Закрытие сессии базы данных
2024-09-16 18:18:50,199 - INFO - ROLLBACK
2024-09-16 18:18:50,200 - INFO - Update id=588263577 is handled. Duration 74 ms by bot id=7440046580
2024-09-16 18:18:54,106 - INFO - Создание сессии базы данных
2024-09-16 18:18:54,107 - INFO - BEGIN (implicit)
2024-09-16 18:18:54,110 - INFO - SELECT tags.id, tags.name 
FROM tags 
WHERE tags.name = $1::VARCHAR
2024-09-16 18:18:54,111 - INFO - [generated in 0.00060s] ('Word',)
2024-09-16 18:18:54,166 - INFO - INSERT INTO tags (name) VALUES ($1::VARCHAR) RETURNING tags.id
2024-09-16 18:18:54,167 - INFO - [generated in 0.00022s] ('Word',)
2024-09-16 18:18:54,196 - INFO - COMMIT
2024-09-16 18:18:54,210 - INFO - BEGIN (implicit)
2024-09-16 18:18:54,214 - INFO - SELECT tags.id, tags.name 
FROM tags 
WHERE tags.id = $1::INTEGER
2024-09-16 18:18:54,214 - INFO - [generated in 0.00061s] (20,)
2024-09-16 18:18:54,219 - INFO - SELECT tags.id, tags.name 
FROM tags 
WHERE tags.name = $1::VARCHAR
2024-09-16 18:18:54,219 - INFO - [cached since 0.1089s ago] ('str',)
2024-09-16 18:18:54,222 - INFO - SELECT users.id, users.username, users.hashed_password 
FROM users 
WHERE users.username = $1::VARCHAR
2024-09-16 18:18:54,222 - INFO - [cached since 70.45s ago] ('Maxim_Tih0n0v',)
2024-09-16 18:18:54,226 - INFO - INSERT INTO notes (title, content, created_at, updated_at, user_id) VALUES ($1::VARCHAR, $2::VARCHAR, $3::TIMESTAMP WITHOUT TIME ZONE, $4::TIMESTAMP WITHOUT TIME ZONE, $5::INTEGER) RETURNING notes.id
2024-09-16 18:18:54,226 - INFO - [generated in 0.00029s] ('Hello', 'Word', datetime.datetime(2024, 9, 16, 18, 18, 54, 226707), datetime.datetime(2024, 9, 16, 18, 18, 54, 226709), 1)
2024-09-16 18:18:54,268 - INFO - INSERT INTO note_tags (note_id, tag_id) VALUES ($1::INTEGER, $2::INTEGER)
2024-09-16 18:18:54,268 - INFO - [generated in 0.00027s] [(22, 20), (22, 11)]
2024-09-16 18:18:54,348 - INFO - COMMIT
2024-09-16 18:18:54,576 - INFO - BEGIN (implicit)
2024-09-16 18:18:54,577 - INFO - SELECT notes.id, notes.title, notes.content, notes.created_at, notes.updated_at, notes.user_id 
FROM notes 
WHERE notes.id = $1::INTEGER
2024-09-16 18:18:54,577 - INFO - [generated in 0.00020s] (22,)
2024-09-16 18:18:54,699 - INFO - Закрытие сессии базы данных
2024-09-16 18:18:54,699 - INFO - ROLLBACK
2024-09-16 18:18:54,701 - INFO - Update id=588263578 is handled. Duration 595 ms by bot id=7440046580
2024-09-16 18:19:21,813 - INFO - Создание сессии базы данных
2024-09-16 18:19:21,814 - INFO - BEGIN (implicit)
2024-09-16 18:19:21,814 - INFO - SELECT users.id, users.username, users.hashed_password 
FROM users 
WHERE users.username = $1::VARCHAR
2024-09-16 18:19:21,814 - INFO - [cached since 98.04s ago] ('Maxim_Tih0n0v',)
2024-09-16 18:19:21,818 - INFO - SELECT notes.id, notes.title, notes.content, notes.created_at, notes.updated_at, notes.user_id 
FROM notes 
WHERE notes.user_id = $1::INTEGER
2024-09-16 18:19:21,818 - INFO - [cached since 97.97s ago] (1,)
2024-09-16 18:19:21,952 - INFO - Закрытие сессии базы данных
2024-09-16 18:19:21,952 - INFO - ROLLBACK
2024-09-16 18:19:21,954 - INFO - Update id=588263579 is handled. Duration 140 ms by bot id=7440046580
2024-09-16 18:19:40,798 - INFO - Создание сессии базы данных
2024-09-16 18:19:40,809 - INFO - Пользователь 588279461 начал поиск по тегам.
2024-09-16 18:19:40,931 - INFO - Закрытие сессии базы данных
2024-09-16 18:19:40,932 - INFO - Update id=588263580 is handled. Duration 134 ms by bot id=7440046580
2024-09-16 18:19:45,681 - INFO - Создание сессии базы данных
2024-09-16 18:19:45,682 - INFO - BEGIN (implicit)
2024-09-16 18:19:45,683 - INFO - SELECT users.id, users.username, users.hashed_password 
FROM users 
WHERE users.username = $1::VARCHAR
2024-09-16 18:19:45,684 - INFO - [cached since 121.9s ago] ('Maxim_Tih0n0v',)
2024-09-16 18:19:45,696 - INFO - Поиск заметок для пользователя 1 с тегами: ['World']
2024-09-16 18:19:45,696 - INFO - Выполняем запрос на поиск тегов
2024-09-16 18:19:45,697 - INFO - SELECT tags.id, tags.name 
FROM tags 
WHERE tags.name IN ($1::VARCHAR)
2024-09-16 18:19:45,697 - INFO - [generated in 0.00026s] ('World',)
2024-09-16 18:19:45,700 - INFO - Теги не найдены: ['World']
2024-09-16 18:19:45,761 - INFO - Закрытие сессии базы данных
2024-09-16 18:19:45,762 - INFO - ROLLBACK
2024-09-16 18:19:45,763 - INFO - Update id=588263581 is handled. Duration 81 ms by bot id=7440046580
2024-09-16 18:19:57,402 - INFO - Создание сессии базы данных
2024-09-16 18:19:57,402 - INFO - Пользователь 588279461 начал поиск по тегам.
2024-09-16 18:19:57,460 - INFO - Закрытие сессии базы данных
2024-09-16 18:19:57,460 - INFO - Update id=588263582 is handled. Duration 59 ms by bot id=7440046580
2024-09-16 18:20:01,128 - INFO - Создание сессии базы данных
2024-09-16 18:20:01,129 - INFO - BEGIN (implicit)
2024-09-16 18:20:01,129 - INFO - SELECT users.id, users.username, users.hashed_password 
FROM users 
WHERE users.username = $1::VARCHAR
2024-09-16 18:20:01,130 - INFO - [cached since 137.4s ago] ('Maxim_Tih0n0v',)
2024-09-16 18:20:01,133 - INFO - Поиск заметок для пользователя 1 с тегами: ['Word']
2024-09-16 18:20:01,133 - INFO - Выполняем запрос на поиск тегов
2024-09-16 18:20:01,134 - INFO - SELECT tags.id, tags.name 
FROM tags 
WHERE tags.name IN ($1::VARCHAR)
2024-09-16 18:20:01,135 - INFO - [cached since 15.44s ago] ('Word',)
2024-09-16 18:20:01,139 - INFO - Найдены теги с ID: [20]
2024-09-16 18:20:01,148 - INFO - SELECT DISTINCT notes.id, notes.title, notes.content, notes.created_at, notes.updated_at, notes.user_id 
FROM notes JOIN note_tags ON notes.id = note_tags.note_id 
WHERE note_tags.tag_id IN ($2::INTEGER) AND notes.user_id = $1::INTEGER
2024-09-16 18:20:01,148 - INFO - [generated in 0.00069s] (1, 20)
2024-09-16 18:20:01,238 - INFO - SELECT notes_1.id AS notes_1_id, tags.id AS tags_id, tags.name AS tags_name 
FROM notes AS notes_1 JOIN note_tags AS note_tags_1 ON notes_1.id = note_tags_1.note_id JOIN tags ON tags.id = note_tags_1.tag_id 
WHERE notes_1.id IN ($1::INTEGER)
2024-09-16 18:20:01,238 - INFO - [generated in 0.00090s] (22,)
2024-09-16 18:20:01,242 - INFO - Найдено заметок: 1
2024-09-16 18:20:01,347 - INFO - Закрытие сессии базы данных
2024-09-16 18:20:01,347 - INFO - ROLLBACK
2024-09-16 18:20:01,349 - INFO - Update id=588263583 is handled. Duration 220 ms by bot id=7440046580
2024-09-16 18:20:06,775 - INFO - Создание сессии базы данных
2024-09-16 18:20:06,775 - INFO - Пользователь 588279461 начал поиск по тегам.
2024-09-16 18:20:06,853 - INFO - Закрытие сессии базы данных
2024-09-16 18:20:06,854 - INFO - Update id=588263584 is handled. Duration 79 ms by bot id=7440046580
2024-09-16 18:20:09,990 - INFO - Создание сессии базы данных
2024-09-16 18:20:09,990 - INFO - BEGIN (implicit)
2024-09-16 18:20:09,991 - INFO - SELECT users.id, users.username, users.hashed_password 
FROM users 
WHERE users.username = $1::VARCHAR
2024-09-16 18:20:09,991 - INFO - [cached since 146.2s ago] ('Maxim_Tih0n0v',)
2024-09-16 18:20:09,994 - INFO - Поиск заметок для пользователя 1 с тегами: ['str']
2024-09-16 18:20:09,994 - INFO - Выполняем запрос на поиск тегов
2024-09-16 18:20:09,996 - INFO - SELECT tags.id, tags.name 
FROM tags 
WHERE tags.name IN ($1::VARCHAR)
2024-09-16 18:20:09,996 - INFO - [cached since 24.3s ago] ('str',)
2024-09-16 18:20:09,998 - INFO - Найдены теги с ID: [11]
2024-09-16 18:20:10,000 - INFO - SELECT DISTINCT notes.id, notes.title, notes.content, notes.created_at, notes.updated_at, notes.user_id 
FROM notes JOIN note_tags ON notes.id = note_tags.note_id 
WHERE note_tags.tag_id IN ($2::INTEGER) AND notes.user_id = $1::INTEGER
2024-09-16 18:20:10,000 - INFO - [cached since 8.852s ago] (1, 11)
2024-09-16 18:20:10,005 - INFO - SELECT notes_1.id AS notes_1_id, tags.id AS tags_id, tags.name AS tags_name 
FROM notes AS notes_1 JOIN note_tags AS note_tags_1 ON notes_1.id = note_tags_1.note_id JOIN tags ON tags.id = note_tags_1.tag_id 
WHERE notes_1.id IN ($1::INTEGER)
2024-09-16 18:20:10,005 - INFO - [cached since 8.768s ago] (22,)
2024-09-16 18:20:10,008 - INFO - Найдено заметок: 1
2024-09-16 18:20:10,138 - INFO - Закрытие сессии базы данных
2024-09-16 18:20:10,138 - INFO - ROLLBACK
2024-09-16 18:20:10,140 - INFO - Update id=588263585 is handled. Duration 150 ms by bot id=7440046580
2024-09-16 18:20:27,575 - INFO - Создание сессии базы данных
2024-09-16 18:20:27,715 - INFO - Закрытие сессии базы данных
2024-09-16 18:20:27,715 - INFO - Update id=588263586 is handled. Duration 140 ms by bot id=7440046580
2024-09-16 18:20:30,499 - INFO - Создание сессии базы данных
2024-09-16 18:20:30,500 - INFO - BEGIN (implicit)
2024-09-16 18:20:30,501 - INFO - SELECT notes.id, notes.title, notes.content, notes.created_at, notes.updated_at, notes.user_id 
FROM notes 
WHERE notes.id = $1::INTEGER
2024-09-16 18:20:30,501 - INFO - [generated in 0.00019s] (22,)
2024-09-16 18:20:30,504 - INFO - SELECT users.id, users.username, users.hashed_password 
FROM users 
WHERE users.username = $1::VARCHAR
2024-09-16 18:20:30,504 - INFO - [cached since 166.7s ago] ('Maxim_Tih0n0v',)
2024-09-16 18:20:30,569 - INFO - Закрытие сессии базы данных
2024-09-16 18:20:30,569 - INFO - ROLLBACK
2024-09-16 18:20:30,570 - INFO - Update id=588263587 is handled. Duration 70 ms by bot id=7440046580
2024-09-16 18:20:43,640 - INFO - Создание сессии базы данных
2024-09-16 18:20:43,714 - INFO - Закрытие сессии базы данных
2024-09-16 18:20:43,715 - INFO - Update id=588263588 is handled. Duration 74 ms by bot id=7440046580
2024-09-16 18:20:49,808 - INFO - Создание сессии базы данных
2024-09-16 18:20:49,809 - INFO - BEGIN (implicit)
2024-09-16 18:20:49,810 - INFO - SELECT notes.id, notes.title, notes.content, notes.created_at, notes.updated_at, notes.user_id 
FROM notes 
WHERE notes.id = $1::INTEGER
2024-09-16 18:20:49,810 - INFO - [cached since 19.31s ago] (22,)
2024-09-16 18:20:49,817 - INFO - UPDATE notes SET title=$1::VARCHAR, content=$2::VARCHAR, updated_at=$3::TIMESTAMP WITHOUT TIME ZONE WHERE notes.id = $4::INTEGER
2024-09-16 18:20:49,817 - INFO - [generated in 0.00026s] ('Измененный заголовок', 'Измененное описание', datetime.datetime(2024, 9, 16, 18, 20, 49, 817529), 22)
2024-09-16 18:20:49,840 - INFO - COMMIT
2024-09-16 18:20:49,856 - INFO - BEGIN (implicit)
2024-09-16 18:20:49,857 - INFO - SELECT notes.id, notes.title, notes.content, notes.created_at, notes.updated_at, notes.user_id 
FROM notes 
WHERE notes.id = $1::INTEGER
2024-09-16 18:20:49,857 - INFO - [cached since 115.3s ago] (22,)
2024-09-16 18:20:49,926 - INFO - Закрытие сессии базы данных
2024-09-16 18:20:49,926 - INFO - ROLLBACK
2024-09-16 18:20:49,928 - INFO - Update id=588263589 is handled. Duration 120 ms by bot id=7440046580
2024-09-16 18:20:57,843 - INFO - Создание сессии базы данных
2024-09-16 18:20:57,844 - INFO - BEGIN (implicit)
2024-09-16 18:20:57,844 - INFO - SELECT users.id, users.username, users.hashed_password 
FROM users 
WHERE users.username = $1::VARCHAR
2024-09-16 18:20:57,844 - INFO - [cached since 194.1s ago] ('Maxim_Tih0n0v',)
2024-09-16 18:20:57,845 - INFO - SELECT notes.id, notes.title, notes.content, notes.created_at, notes.updated_at, notes.user_id 
FROM notes 
WHERE notes.user_id = $1::INTEGER
2024-09-16 18:20:57,845 - INFO - [cached since 194s ago] (1,)
2024-09-16 18:20:57,958 - INFO - Закрытие сессии базы данных
2024-09-16 18:20:57,959 - INFO - ROLLBACK
2024-09-16 18:20:57,960 - INFO - Update id=588263590 is handled. Duration 117 ms by bot id=7440046580
2024-09-16 18:21:11,156 - INFO - Создание сессии базы данных
2024-09-16 18:21:11,157 - INFO - BEGIN (implicit)
2024-09-16 18:21:11,158 - INFO - SELECT users.id, users.username, users.hashed_password 
FROM users 
WHERE users.username = $1::VARCHAR
2024-09-16 18:21:11,158 - INFO - [cached since 207.4s ago] ('Maxim_Tih0n0v',)
2024-09-16 18:21:11,236 - INFO - Закрытие сессии базы данных
2024-09-16 18:21:11,236 - INFO - ROLLBACK
2024-09-16 18:21:11,238 - INFO - Update id=588263591 is handled. Duration 81 ms by bot id=7440046580
2024-09-16 18:21:13,507 - INFO - Создание сессии базы данных
2024-09-16 18:21:13,508 - INFO - BEGIN (implicit)
2024-09-16 18:21:13,509 - INFO - SELECT users.id, users.username, users.hashed_password 
FROM users 
WHERE users.username = $1::VARCHAR
2024-09-16 18:21:13,509 - INFO - [cached since 209.7s ago] ('Maxim_Tih0n0v',)
2024-09-16 18:21:13,513 - INFO - SELECT notes.id, notes.title, notes.content, notes.created_at, notes.updated_at, notes.user_id 
FROM notes 
WHERE notes.id = $1::INTEGER
2024-09-16 18:21:13,513 - INFO - [cached since 43.01s ago] (8,)
2024-09-16 18:21:13,517 - INFO - SELECT tags.id AS tags_id, tags.name AS tags_name 
FROM tags, note_tags 
WHERE $1::INTEGER = note_tags.note_id AND tags.id = note_tags.tag_id
2024-09-16 18:21:13,517 - INFO - [generated in 0.00019s] (8,)
2024-09-16 18:21:13,523 - INFO - DELETE FROM note_tags WHERE note_tags.note_id = $1::INTEGER AND note_tags.tag_id = $2::INTEGER
2024-09-16 18:21:13,524 - INFO - [generated in 0.00060s] [(8, 6), (8, 7)]
2024-09-16 18:21:13,526 - INFO - DELETE FROM notes WHERE notes.id = $1::INTEGER
2024-09-16 18:21:13,527 - INFO - [generated in 0.00056s] (8,)
2024-09-16 18:21:13,530 - INFO - COMMIT
2024-09-16 18:21:13,657 - INFO - Закрытие сессии базы данных
2024-09-16 18:21:13,657 - INFO - Update id=588263592 is handled. Duration 150 ms by bot id=7440046580
2024-09-16 18:21:17,092 - INFO - Создание сессии базы данных
2024-09-16 18:21:17,092 - INFO - BEGIN (implicit)
2024-09-16 18:21:17,093 - INFO - SELECT users.id, users.username, users.hashed_password 
FROM users 
WHERE users.username = $1::VARCHAR
2024-09-16 18:21:17,093 - INFO - [cached since 213.3s ago] ('Maxim_Tih0n0v',)
2024-09-16 18:21:17,097 - INFO - SELECT notes.id, notes.title, notes.content, notes.created_at, notes.updated_at, notes.user_id 
FROM notes 
WHERE notes.user_id = $1::INTEGER
2024-09-16 18:21:17,097 - INFO - [cached since 213.3s ago] (1,)
2024-09-16 18:21:17,162 - INFO - Закрытие сессии базы данных
2024-09-16 18:21:17,162 - INFO - ROLLBACK
2024-09-16 18:21:17,164 - INFO - Update id=588263593 is handled. Duration 72 ms by bot id=7440046580
2024-09-16 18:21:58,512 - INFO - Создание сессии базы данных
2024-09-16 18:21:58,627 - INFO - Закрытие сессии базы данных
2024-09-16 18:21:58,627 - INFO - Update id=588263594 is handled. Duration 115 ms by bot id=7440046580
2024-09-16 18:23:31,445 - WARNING - Received SIGTERM signal
2024-09-16 18:23:31,445 - INFO - Polling stopped for bot @Notes111bot id=7440046580 - 'Telegram_Notes'
2024-09-16 18:23:31,446 - INFO - Polling stopped
2024-09-16 18:24:39,531 - INFO - Logging setup complete. This is a test log.
2024-09-16 18:24:39,552 - INFO - Бот запускается...
2024-09-16 18:24:39,609 - INFO - Бот запускается...
2024-09-16 18:24:39,610 - INFO - Start polling
2024-09-16 18:24:39,739 - INFO - Run polling for bot @Notes111bot id=7440046580 - 'Telegram_Notes'
2024-09-16 18:24:56,220 - INFO - Update id=588263595 is handled. Duration 172 ms by bot id=7440046580
2024-09-16 18:25:01,156 - INFO - Создание сессии базы данных
2024-09-16 18:25:01,347 - INFO - Закрытие сессии базы данных
2024-09-16 18:25:01,348 - INFO - Update id=588263596 is handled. Duration 192 ms by bot id=7440046580
2024-09-16 18:25:18,598 - INFO - Создание сессии базы данных
2024-09-16 18:25:18,744 - INFO - Закрытие сессии базы данных
2024-09-16 18:25:18,745 - INFO - Update id=588263597 is handled. Duration 147 ms by bot id=7440046580
2024-09-16 18:26:57,473 - WARNING - Received SIGTERM signal
2024-09-16 18:26:57,502 - INFO - Polling stopped for bot @Notes111bot id=7440046580 - 'Telegram_Notes'
2024-09-16 18:26:57,502 - INFO - Polling stopped
2024-09-16 18:27:51,716 - INFO - Logging setup complete. This is a test log.
2024-09-16 18:27:51,735 - INFO - Бот запускается...
2024-09-16 18:27:52,024 - INFO - Бот запускается...
2024-09-16 18:27:52,024 - INFO - Start polling
2024-09-16 18:27:52,295 - INFO - Run polling for bot @Notes111bot id=7440046580 - 'Telegram_Notes'
2024-09-16 18:27:55,105 - INFO - Update id=588263598 is handled. Duration 161 ms by bot id=7440046580
2024-09-16 18:27:58,184 - INFO - Update id=588263599 is handled. Duration 86 ms by bot id=7440046580
2024-09-16 18:27:59,730 - INFO - Создание сессии базы данных
2024-09-16 18:27:59,796 - INFO - select pg_catalog.version()
2024-09-16 18:27:59,796 - INFO - [raw sql] ()
2024-09-16 18:27:59,798 - INFO - select current_schema()
2024-09-16 18:27:59,799 - INFO - [raw sql] ()
2024-09-16 18:27:59,800 - INFO - show standard_conforming_strings
2024-09-16 18:27:59,800 - INFO - [raw sql] ()
2024-09-16 18:27:59,803 - INFO - BEGIN (implicit)
2024-09-16 18:27:59,811 - INFO - SELECT users.id, users.username, users.hashed_password 
FROM users 
WHERE users.username = $1::VARCHAR
2024-09-16 18:27:59,811 - INFO - [generated in 0.00031s] ('Maxim_Tih0n0v',)
2024-09-16 18:27:59,899 - INFO - SELECT notes.id, notes.title, notes.content, notes.created_at, notes.updated_at, notes.user_id 
FROM notes 
WHERE notes.user_id = $1::INTEGER
2024-09-16 18:27:59,900 - INFO - [generated in 0.00030s] (1,)
2024-09-16 18:27:59,967 - INFO - Закрытие сессии базы данных
2024-09-16 18:27:59,968 - INFO - ROLLBACK
2024-09-16 18:27:59,969 - INFO - Update id=588263600 is handled. Duration 240 ms by bot id=7440046580
2024-09-16 18:28:02,919 - INFO - Создание сессии базы данных
2024-09-16 18:28:02,919 - INFO - Пользователь 588279461 начал поиск по тегам.
2024-09-16 18:28:02,979 - INFO - Закрытие сессии базы данных
2024-09-16 18:28:02,979 - INFO - Update id=588263601 is handled. Duration 60 ms by bot id=7440046580
2024-09-16 18:28:07,070 - INFO - Создание сессии базы данных
2024-09-16 18:28:07,160 - INFO - Закрытие сессии базы данных
2024-09-16 18:28:07,160 - INFO - Update id=588263602 is handled. Duration 90 ms by bot id=7440046580
2024-09-16 18:28:12,062 - INFO - Создание сессии базы данных
2024-09-16 18:28:12,063 - INFO - BEGIN (implicit)
2024-09-16 18:28:12,064 - INFO - SELECT users.id, users.username, users.hashed_password 
FROM users 
WHERE users.username = $1::VARCHAR
2024-09-16 18:28:12,065 - INFO - [cached since 12.25s ago] ('Maxim_Tih0n0v',)
2024-09-16 18:28:12,133 - INFO - Закрытие сессии базы данных
2024-09-16 18:28:12,133 - INFO - ROLLBACK
2024-09-16 18:28:12,134 - INFO - Update id=588263603 is handled. Duration 71 ms by bot id=7440046580
2024-09-16 18:28:15,313 - INFO - Создание сессии базы данных
2024-09-16 18:28:15,315 - INFO - BEGIN (implicit)
2024-09-16 18:28:15,315 - INFO - SELECT users.id, users.username, users.hashed_password 
FROM users 
WHERE users.username = $1::VARCHAR
2024-09-16 18:28:15,316 - INFO - [cached since 15.5s ago] ('Maxim_Tih0n0v',)
2024-09-16 18:28:15,321 - INFO - SELECT notes.id, notes.title, notes.content, notes.created_at, notes.updated_at, notes.user_id 
FROM notes 
WHERE notes.id = $1::INTEGER
2024-09-16 18:28:15,321 - INFO - [generated in 0.00062s] (11,)
2024-09-16 18:28:15,324 - INFO - Попытка удалить чужую заметку или несуществующую заметку. Note ID: 11, User ID: 1
2024-09-16 18:28:15,489 - INFO - Закрытие сессии базы данных
2024-09-16 18:28:15,489 - INFO - ROLLBACK
2024-09-16 18:28:15,491 - INFO - Update id=588263604 is handled. Duration 177 ms by bot id=7440046580
2024-09-16 18:28:20,357 - INFO - Создание сессии базы данных
2024-09-16 18:28:20,358 - INFO - BEGIN (implicit)
2024-09-16 18:28:20,359 - INFO - SELECT users.id, users.username, users.hashed_password 
FROM users 
WHERE users.username = $1::VARCHAR
2024-09-16 18:28:20,359 - INFO - [cached since 20.55s ago] ('Maxim_Tih0n0v',)
2024-09-16 18:28:20,363 - INFO - SELECT notes.id, notes.title, notes.content, notes.created_at, notes.updated_at, notes.user_id 
FROM notes 
WHERE notes.user_id = $1::INTEGER
2024-09-16 18:28:20,363 - INFO - [cached since 20.46s ago] (1,)
2024-09-16 18:28:20,505 - INFO - Закрытие сессии базы данных
2024-09-16 18:28:20,505 - INFO - ROLLBACK
2024-09-16 18:28:20,507 - INFO - Update id=588263605 is handled. Duration 149 ms by bot id=7440046580
2024-09-16 18:28:23,720 - INFO - Создание сессии базы данных
2024-09-16 18:28:23,721 - INFO - BEGIN (implicit)
2024-09-16 18:28:23,721 - INFO - SELECT users.id, users.username, users.hashed_password 
FROM users 
WHERE users.username = $1::VARCHAR
2024-09-16 18:28:23,721 - INFO - [cached since 23.91s ago] ('Maxim_Tih0n0v',)
2024-09-16 18:28:23,797 - INFO - Закрытие сессии базы данных
2024-09-16 18:28:23,797 - INFO - ROLLBACK
2024-09-16 18:28:23,799 - INFO - Update id=588263606 is handled. Duration 79 ms by bot id=7440046580
2024-09-16 18:28:26,921 - INFO - Создание сессии базы данных
2024-09-16 18:28:26,921 - INFO - BEGIN (implicit)
2024-09-16 18:28:26,922 - INFO - SELECT users.id, users.username, users.hashed_password 
FROM users 
WHERE users.username = $1::VARCHAR
2024-09-16 18:28:26,922 - INFO - [cached since 27.11s ago] ('Maxim_Tih0n0v',)
2024-09-16 18:28:26,926 - INFO - SELECT notes.id, notes.title, notes.content, notes.created_at, notes.updated_at, notes.user_id 
FROM notes 
WHERE notes.id = $1::INTEGER
2024-09-16 18:28:26,927 - INFO - [cached since 11.61s ago] (7,)
2024-09-16 18:28:26,941 - INFO - SELECT tags.id AS tags_id, tags.name AS tags_name 
FROM tags, note_tags 
WHERE $1::INTEGER = note_tags.note_id AND tags.id = note_tags.tag_id
2024-09-16 18:28:26,941 - INFO - [generated in 0.00026s] (7,)
2024-09-16 18:28:26,991 - INFO - DELETE FROM note_tags WHERE note_tags.note_id = $1::INTEGER AND note_tags.tag_id = $2::INTEGER
2024-09-16 18:28:26,991 - INFO - [generated in 0.00024s] [(7, 3), (7, 4), (7, 5)]
2024-09-16 18:28:26,997 - INFO - DELETE FROM notes WHERE notes.id = $1::INTEGER
2024-09-16 18:28:26,997 - INFO - [generated in 0.00056s] (7,)
2024-09-16 18:28:27,018 - INFO - COMMIT
2024-09-16 18:28:27,133 - INFO - Закрытие сессии базы данных
2024-09-16 18:28:27,134 - INFO - Update id=588263607 is handled. Duration 213 ms by bot id=7440046580
2024-09-16 18:29:55,796 - WARNING - Received SIGTERM signal
2024-09-16 18:29:55,817 - INFO - Polling stopped for bot @Notes111bot id=7440046580 - 'Telegram_Notes'
2024-09-16 18:29:55,817 - INFO - Polling stopped
